# IPython log file

import matplotlib
matplotlib.use('Agg')
 import matplotlib.pyplot as plt
import numpy as np
a = np.random.randn(10000)
plt.hist(a)
#[Out]# (array([   19.,   132.,   611.,  1678.,  2820.,  2677.,  1491.,   467.,
#[Out]#           95.,    10.]), array([-3.67978   , -2.92974379, -2.17970759, -1.42967139, -0.67963518,
#[Out]#         0.07040102,  0.82043722,  1.57047343,  2.32050963,  3.07054583,
#[Out]#         3.82058203]), <a list of 10 Patch objects>)
1.0 == 1
#[Out]# True
plt.savefig ('1.3.2/Histogram')
%logstart -org 1.3.2/logs/Mathur_1.3.2.#.log
%logstart -ort 1.3.2/logs/Mathur_1.3.2.#.log
# Shaan Mathur 1.3.2 IPython Log
5 + 3
#[Out]# 8
5 + 3.
#[Out]# 8.0
7 * 2
#[Out]# 14
#Int
7*2.
#[Out]# 14.0
#float
#If you use a "." when mulitplying the result will be a float.
7/2
#[Out]# 3
7/2.
#[Out]# 3.5
# 7b. int/int returns a rounded down whole number (int) answer, but int/float returns the actual decimal answer.
a = 2
%logstop
# Fri, 07 Dec 2018 20:57:55
#8 assignment
# Fri, 07 Dec 2018 20:58:06
student_age=16
# Fri, 07 Dec 2018 20:58:46
23**43
#[Out]# 35834136918934220777541995677272642015423987712183913488967L
# Fri, 07 Dec 2018 20:59:12
abs(-100000000)
#[Out]# 100000000
# Fri, 07 Dec 2018 21:02:11
%run 1.3.2/Mathur_1.3.2.py
# Fri, 07 Dec 2018 21:04:08
#It is easier to get everything correct and then run it in the file and harder in this shell prompt.
# Fri, 07 Dec 2018 21:05:39
#If you have a lot of code it would be easy to locate and work on.
# Fri, 07 Dec 2018 21:06:55
#It will clear space, and you can use the same variable in other places without conflict.
# Fri, 07 Dec 2018 21:08:04
%run 1.3.2/Mathur_1.3.2.py
# Fri, 07 Dec 2018 21:13:24
#Saying to them for a long time and translating everything at once.
# Fri, 07 Dec 2018 21:20:32
%run 1.3.2/Mathur_1.3.2.py
# Fri, 07 Dec 2018 21:20:38
hyp(3,4)
# Fri, 07 Dec 2018 21:20:55
add_tip(3,4)
#[Out]# 15
# Fri, 07 Dec 2018 21:21:52
%run 1.3.2/Mathur_1.3.2.py
# Fri, 07 Dec 2018 21:22:03
hyp(3,4)
# Fri, 07 Dec 2018 21:23:37
%run 1.3.2/Mathur_1.3.2.py
# Fri, 07 Dec 2018 21:23:42
hyp(3,4)
#[Out]# 5.0
# Fri, 07 Dec 2018 21:27:42
mean(3,4,7)
# Fri, 07 Dec 2018 21:28:00
 %run 1.3.2/Mathur_1.3.2.py
# Fri, 07 Dec 2018 21:28:05
mean(3,4,7)
# Fri, 07 Dec 2018 21:30:59
 %run 1.3.2/Mathur_1.3.2.py
# Fri, 07 Dec 2018 21:31:06
mean(3,4,7)
#[Out]# 4.666666666666667
# Fri, 07 Dec 2018 21:33:33
 %run 1.3.2/Mathur_1.3.2.py
# Fri, 07 Dec 2018 21:34:01
perimeter(2,2)
#[Out]# 8
# Fri, 07 Dec 2018 21:34:59
#Conclusion 1. A program that creates work cited docs for me automatically.
# Fri, 07 Dec 2018 21:35:06
%logstop
