# IPython log file

%run 1.3.2/Mathur_1.3.2.py
clear
# Mon, 10 Dec 2018 20:54:29
%run 1.3.2/Mathur_1.3.2.py
# Mon, 10 Dec 2018 20:55:24
%run 1.3.2/Mathur_1.3.2.py
# Mon, 10 Dec 2018 20:59:01
%cd
# Mon, 10 Dec 2018 20:59:08
%nano
# Mon, 10 Dec 2018 20:59:12
clear
# Mon, 10 Dec 2018 21:00:55
cd 1.3.3
# Mon, 10 Dec 2018 21:01:10
%cd 1.3.3
# Mon, 10 Dec 2018 21:02:05
%cd csp5-mathur-s-python/1.3.3
# Mon, 10 Dec 2018 21:02:12
clear
# Mon, 10 Dec 2018 21:03:01
%cd /1.3.3
# Mon, 10 Dec 2018 21:03:48
cd
# Mon, 10 Dec 2018 21:03:52
%cd
# Mon, 10 Dec 2018 21:03:57
cd %
# Mon, 10 Dec 2018 21:04:03
clear
# Mon, 10 Dec 2018 21:04:05
pwd
#[Out]# u'/home/ubuntu'
# Mon, 10 Dec 2018 21:07:40
cwd
# Mon, 10 Dec 2018 21:07:44
clear
# Mon, 10 Dec 2018 21:10:30
pwd 
#[Out]# u'/home/ubuntu'
# Mon, 10 Dec 2018 21:10:40
cd 1.3.3
# Mon, 10 Dec 2018 21:10:55
cd csp5-mathur-s-python
